#
# There is insufficient memory for the Java Runtime Environment to continue.
# Native memory allocation (mmap) failed to map 65011712 bytes for G1 virtual space
# Possible reasons:
#   The system is out of physical RAM or swap space
#   The process is running with CompressedOops enabled, and the Java Heap may be blocking the growth of the native heap
# Possible solutions:
#   Reduce memory load on the system
#   Increase physical memory or swap space
#   Check if swap backing store is full
#   Decrease Java heap size (-Xmx/-Xms)
#   Decrease number of Java threads
#   Decrease Java thread stack sizes (-Xss)
#   Set larger code cache with -XX:ReservedCodeCacheSize=
#   JVM is running with Unscaled Compressed Oops mode in which the Java heap is
#     placed in the first 4GB address space. The Java Heap base address is the
#     maximum limit for the native heap growth. Please use -XX:HeapBaseMinAddress
#     to set the Java Heap base and to place the Java Heap above 4GB virtual address.
# This output file may be truncated or incomplete.
#
#  Out of Memory Error (os_windows.cpp:3829), pid=18896, tid=17036
#
# JRE version:  (17.0.8+7) (build )
# Java VM: OpenJDK 64-Bit Server VM (17.0.8+7-b1000.22, mixed mode, sharing, tiered, compressed oops, compressed class ptrs, g1 gc, windows-amd64)
# No core dump will be written. Minidumps are not enabled by default on client versions of Windows
#

---------------  S U M M A R Y ------------

Command Line: git4idea.http.GitAskPassApp Username for 'https://github.com': 

Host: Intel(R) Celeron(R) N4120 CPU @ 1.10GHz, 4 cores, 3G,  Windows 11 , 64 bit Build 22621 (10.0.22621.2506)
Time: Mon Mar  4 10:19:34 2024 GMT Standard Time elapsed time: 0.048871 seconds (0d 0h 0m 0s)

---------------  T H R E A D  ---------------

Current thread (0x0000013471700e30):  JavaThread "Unknown thread" [_thread_in_vm, id=17036, stack(0x0000001748200000,0x0000001748300000)]

Stack: [0x0000001748200000,0x0000001748300000]
Native frames: (J=compiled Java code, j=interpreted, Vv=VM code, C=native code)
V  [jvm.dll+0x6852da]
V  [jvm.dll+0x844c84]
V  [jvm.dll+0x84659e]
V  [jvm.dll+0x846c03]
V  [jvm.dll+0x24b7cf]
V  [jvm.dll+0x682049]
V  [jvm.dll+0x67671a]
V  [jvm.dll+0x30be2b]
V  [jvm.dll+0x3132d6]
V  [jvm.dll+0x36302e]
V  [jvm.dll+0x36325f]
V  [jvm.dll+0x2e1f48]
V  [jvm.dll+0x2e2eb4]
V  [jvm.dll+0x815c11]
V  [jvm.dll+0x370df1]
V  [jvm.dll+0x7f4fdc]
V  [jvm.dll+0x3f3f1f]
V  [jvm.dll+0x3f5b31]
C  [jli.dll+0x528f]
C  [ucrtbase.dll+0x29363]
C  [KERNEL32.DLL+0x1257d]
C  [ntdll.dll+0x5aa58]


---------------  P R O C E S S  ---------------

Threads class SMR info:
_java_thread_list=0x00007ffa4be00098, length=0, elements={
}

Java Threads: ( => current thread )

Other Threads:
  0x000001347173b760 GCTaskThread "GC Thread#0" [stack: 0x0000001748300000,0x0000001748400000] [id=13136]
  0x00000134717440f0 ConcurrentGCThread "G1 Main Marker" [stack: 0x0000001748400000,0x0000001748500000] [id=10696]
  0x0000013471744b00 ConcurrentGCThread "G1 Conc#0" [stack: 0x0000001748500000,0x0000001748600000] [id=20380]

[error occurred during error reporting (printing all threads), id 0xc0000005, EXCEPTION_ACCESS_VIOLATION (0xc0000005) at pc=0x00007ffa4b5b2ab7]

VM state: not at safepoint (not fully initialized)

VM Mutex/Monitor currently owned by a thread:  ([mutex/lock_event])
[0x00000134716fb330] Heap_lock - owner thread: 0x0000013471700e30

Heap address: 0x00000000c2e00000, size: 978 MB, Compressed Oops mode: 32-bit

CDS archive(s) mapped at: [0x0000000000000000-0x0000000000000000-0x0000000000000000), size 0, SharedBaseAddress: 0x0000000800000000, ArchiveRelocationMode: 1.
Narrow klass base: 0x0000000000000000, Narrow klass shift: 0, Narrow klass range: 0x0

GC Precious Log:
<Empty>

Heap:
 garbage-first heap   total 0K, used 0K [0x00000000c2e00000, 0x0000000100000000)
  region size 1024K, 0 young (0K), 0 survivors (0K)
 Metaspace       used 0K, committed 0K, reserved 0K
  class space    used 0K, committed 0K, reserved 0K

Heap Regions: E=young(eden), S=young(survivor), O=old, HS=humongous(starts), HC=humongous(continues), CS=collection set, F=free, OA=open archive, CA=closed archive, TAMS=top-at-mark-start (previous, next)

Card table byte_map: [0x0000013476e50000,0x0000013477040000] _byte_map_base: 0x0000013476839000

Marking Bits (Prev, Next): (CMBitMap*) 0x000001347173bd80, (CMBitMap*) 0x000001347173bdc0
 Prev Bits: [0x0000013477230000, 0x0000013478178000)
 Next Bits: [0x0000013478180000, 0x00000134790c8000)

GC Heap History (0 events):
No events

Dll operation events (1 events):
Event: 0.024 Loaded shared library C:\Program Files\JetBrains\IntelliJ IDEA 2023.2.2\jbr\bin\java.dll

Deoptimization events (0 events):
No events

Classes unloaded (0 events):
No events

Classes redefined (0 events):
No events

Internal exceptions (0 events):
No events

VM Operations (0 events):
No events

Events (0 events):
No events


Dynamic libraries:
0x00007ff785c40000 - 0x00007ff785c4a000 	C:\Program Files\JetBrains\IntelliJ IDEA 2023.2.2\jbr\bin\java.exe
0x00007ffa91250000 - 0x00007ffa91467000 	C:\WINDOWS\SYSTEM32\ntdll.dll
0x00007ffa903a0000 - 0x00007ffa90464000 	C:\WINDOWS\System32\KERNEL32.DLL
0x00007ffa8ebf0000 - 0x00007ffa8ef96000 	C:\WINDOWS\System32\KERNELBASE.dll
0x00007ffa8e9b0000 - 0x00007ffa8eac1000 	C:\WINDOWS\System32\ucrtbase.dll
0x00007ffa804b0000 - 0x00007ffa804cb000 	C:\Program Files\JetBrains\IntelliJ IDEA 2023.2.2\jbr\bin\VCRUNTIME140.dll
0x00007ffa82ec0000 - 0x00007ffa82ed7000 	C:\Program Files\JetBrains\IntelliJ IDEA 2023.2.2\jbr\bin\jli.dll
0x00007ffa8f810000 - 0x00007ffa8f9be000 	C:\WINDOWS\System32\USER32.dll
0x00007ffa8e770000 - 0x00007ffa8e796000 	C:\WINDOWS\System32\win32u.dll
0x00007ffa8fb10000 - 0x00007ffa8fb39000 	C:\WINDOWS\System32\GDI32.dll
0x00007ffa8ead0000 - 0x00007ffa8ebe8000 	C:\WINDOWS\System32\gdi32full.dll
0x00007ffa8e7a0000 - 0x00007ffa8e83a000 	C:\WINDOWS\System32\msvcp_win.dll
0x00007ffa784d0000 - 0x00007ffa78763000 	C:\WINDOWS\WinSxS\amd64_microsoft.windows.common-controls_6595b64144ccf1df_6.0.22621.2506_none_270c5ae97388e100\COMCTL32.dll
0x00007ffa8f2e0000 - 0x00007ffa8f387000 	C:\WINDOWS\System32\msvcrt.dll
0x00007ffa8f230000 - 0x00007ffa8f261000 	C:\WINDOWS\System32\IMM32.DLL
0x00007ffa84820000 - 0x00007ffa8482c000 	C:\Program Files\JetBrains\IntelliJ IDEA 2023.2.2\jbr\bin\vcruntime140_1.dll
0x00007ffa5f7f0000 - 0x00007ffa5f87d000 	C:\Program Files\JetBrains\IntelliJ IDEA 2023.2.2\jbr\bin\msvcp140.dll
0x00007ffa4b2c0000 - 0x00007ffa4bf43000 	C:\Program Files\JetBrains\IntelliJ IDEA 2023.2.2\jbr\bin\server\jvm.dll
0x00007ffa8f160000 - 0x00007ffa8f213000 	C:\WINDOWS\System32\ADVAPI32.dll
0x00007ffa90b40000 - 0x00007ffa90be8000 	C:\WINDOWS\System32\sechost.dll
0x00007ffa8e650000 - 0x00007ffa8e678000 	C:\WINDOWS\System32\bcrypt.dll
0x00007ffa90e30000 - 0x00007ffa90f47000 	C:\WINDOWS\System32\RPCRT4.dll
0x00007ffa8e460000 - 0x00007ffa8e4ad000 	C:\WINDOWS\SYSTEM32\POWRPROF.dll
0x00007ffa89560000 - 0x00007ffa89569000 	C:\WINDOWS\SYSTEM32\WSOCK32.dll
0x00007ffa91000000 - 0x00007ffa91071000 	C:\WINDOWS\System32\WS2_32.dll
0x00007ffa87670000 - 0x00007ffa876a4000 	C:\WINDOWS\SYSTEM32\WINMM.dll
0x00007ffa87920000 - 0x00007ffa8792a000 	C:\WINDOWS\SYSTEM32\VERSION.dll
0x00007ffa8e440000 - 0x00007ffa8e453000 	C:\WINDOWS\SYSTEM32\UMPDC.dll
0x00007ffa8d5c0000 - 0x00007ffa8d5d8000 	C:\WINDOWS\SYSTEM32\kernel.appcore.dll
0x00007ffa89550000 - 0x00007ffa8955a000 	C:\Program Files\JetBrains\IntelliJ IDEA 2023.2.2\jbr\bin\jimage.dll
0x00007ffa8c070000 - 0x00007ffa8c2a3000 	C:\WINDOWS\SYSTEM32\DBGHELP.DLL
0x00007ffa905d0000 - 0x00007ffa90959000 	C:\WINDOWS\System32\combase.dll
0x00007ffa90490000 - 0x00007ffa90567000 	C:\WINDOWS\System32\OLEAUT32.dll
0x00007ffa810d0000 - 0x00007ffa81102000 	C:\WINDOWS\SYSTEM32\dbgcore.DLL
0x00007ffa8e680000 - 0x00007ffa8e6fa000 	C:\WINDOWS\System32\bcryptPrimitives.dll
0x00007ffa85010000 - 0x00007ffa85035000 	C:\Program Files\JetBrains\IntelliJ IDEA 2023.2.2\jbr\bin\java.dll

dbghelp: loaded successfully - version: 4.0.5 - missing functions: none
symbol engine: initialized successfully - sym options: 0x614 - pdb path: .;C:\Program Files\JetBrains\IntelliJ IDEA 2023.2.2\jbr\bin;C:\WINDOWS\SYSTEM32;C:\WINDOWS\WinSxS\amd64_microsoft.windows.common-controls_6595b64144ccf1df_6.0.22621.2506_none_270c5ae97388e100;C:\Program Files\JetBrains\IntelliJ IDEA 2023.2.2\jbr\bin\server

VM Arguments:
java_command: git4idea.http.GitAskPassApp Username for 'https://github.com': 
java_class_path (initial): C:/Program Files/JetBrains/IntelliJ IDEA 2023.2.2/plugins/vcs-git/lib/git4idea-rt.jar;C:/Program Files/JetBrains/IntelliJ IDEA 2023.2.2/lib/externalProcess-rt.jar
Launcher Type: SUN_STANDARD

[Global flags]
     intx CICompilerCount                          = 3                                         {product} {ergonomic}
     uint ConcGCThreads                            = 1                                         {product} {ergonomic}
     uint G1ConcRefinementThreads                  = 4                                         {product} {ergonomic}
   size_t G1HeapRegionSize                         = 1048576                                   {product} {ergonomic}
    uintx GCDrainStackTargetSize                   = 64                                        {product} {ergonomic}
   size_t InitialHeapSize                          = 65011712                                  {product} {ergonomic}
   size_t MarkStackSize                            = 4194304                                   {product} {ergonomic}
   size_t MaxHeapSize                              = 1025507328                                {product} {ergonomic}
   size_t MinHeapDeltaBytes                        = 1048576                                   {product} {ergonomic}
   size_t MinHeapSize                              = 8388608                                   {product} {ergonomic}
    uintx NonNMethodCodeHeapSize                   = 5832780                                {pd product} {ergonomic}
    uintx NonProfiledCodeHeapSize                  = 122912730                              {pd product} {ergonomic}
    uintx ProfiledCodeHeapSize                     = 122912730                              {pd product} {ergonomic}
    uintx ReservedCodeCacheSize                    = 251658240                              {pd product} {ergonomic}
     bool SegmentedCodeCache                       = true                                      {product} {ergonomic}
   size_t SoftMaxHeapSize                          = 1025507328                             {manageable} {ergonomic}
     bool UseCompressedClassPointers               = true                           {product lp64_product} {ergonomic}
     bool UseCompressedOops                        = true                           {product lp64_product} {ergonomic}
     bool UseG1GC                                  = true                                      {product} {ergonomic}
     bool UseLargePagesIndividualAllocation        = false                                  {pd product} {ergonomic}

Logging:
Log output configuration:
 #0: stdout all=warning uptime,level,tags
 #1: stderr all=off uptime,level,tags

Environment Variables:
PATH=C:/Program Files/Git/mingw64/libexec/git-core;C:/Program Files/Git/mingw64/libexec/git-core;C:\Program Files\Git\mingw64\bin;C:\Program Files\Git\usr\bin;C:\Users\pinto\bin;C:\WINDOWS\system32;C:\WINDOWS;C:\WINDOWS\System32\Wbem;C:\WINDOWS\System32\WindowsPowerShell\v1.0\;C:\WINDOWS\System32\OpenSSH\;C:\Program Files\Git\cmd;C:\Program Files (x86)\IVI Foundation\VISA\WinNT\Bin;C:\Users\pinto\AppData\Local\Microsoft\WindowsApps;C:\Program Files\Racket\;C:\Users\pinto\AppData\Local\atom\bin;C:\MinGW\bin;"C:\Users\pinto\AppData\Local\GitHubDesktop\bin;";"C:\MinGW\bin;C:\Users\pinto\AppData\Local\Microsoft\WindowsApps
USERNAME=pinto
DISPLAY=:0.0
LC_ALL=en_US.UTF-8
TERM=xterm-256color
TMPDIR=C:\Users\pinto\AppData\Local\Temp
OS=Windows_NT
PROCESSOR_IDENTIFIER=Intel64 Family 6 Model 122 Stepping 8, GenuineIntel
TMP=C:\Users\pinto\AppData\Local\Temp
TEMP=C:\Users\pinto\AppData\Local\Temp


JNI global refs:
JNI global refs: 0, weak refs: 0

JNI global refs memory usage: 0, weak refs: 0

OOME stack traces (most recent first):
Classloader memory used:


---------------  S Y S T E M  ---------------

OS:
 Windows 11 , 64 bit Build 22621 (10.0.22621.2506)
OS uptime: 39 days 18:14 hours

CPU: total 4 (initial active 4) (4 cores per cpu, 1 threads per core) family 6 model 122 stepping 8 microcode 0x1c, cx8, cmov, fxsr, mmx, 3dnowpref, sse, sse2, sse3, ssse3, sse4.1, sse4.2, popcnt, tsc, tscinvbit, aes, erms, clmul, sha, clflush, clflushopt
Processor Information for all 4 processors :
  Max Mhz: 1101, Current Mhz: 1101, Mhz Limit: 1101

Memory: 4k page, system-wide physical 3911M (237M free)
TotalPageFile size 11261M (AvailPageFile size 32M)
current process WorkingSet (physical memory assigned to process): 11M, peak: 11M
current process commit charge ("private bytes"): 51M, peak: 113M

vm_info: OpenJDK 64-Bit Server VM (17.0.8+7-b1000.22) for windows-amd64 JRE (17.0.8+7-b1000.22), built on 2023-09-02 by "builduser" with MS VC++ 16.10 / 16.11 (VS2019)

END.
